<?xml version="1.0" encoding="UTF-8"?>
<!-- Generated by org.testng.reporters.JUnitReportReporter -->
<testsuite skipped="0" hostname="Abu-Zara" name="RegisterPayferAcct" tests="1" failures="0" timestamp="01 Aug 2018 16:20:18 GMT" time="4.175" errors="0">
  <testcase name="register" time="4.175" classname="RegisterPayferAcct"/>
</testsuite> <!-- RegisterPayferAcct -->
