<?xml version="1.0" encoding="UTF-8"?>
<!-- Generated by org.testng.reporters.JUnitReportReporter -->
<testsuite skipped="0" hostname="Abu-Zara" name="RegAccntOnPayfer" tests="1" failures="0" timestamp="02 Aug 2018 21:20:52 GMT" time="5.771" errors="0">
  <testcase name="register" time="5.771" classname="RegAccntOnPayfer"/>
</testsuite> <!-- RegAccntOnPayfer -->
