<?xml version="1.0" encoding="UTF-8"?>
<!-- Generated by org.testng.reporters.JUnitReportReporter -->
<testsuite skipped="0" hostname="Abu-Zara" name="PayF" tests="1" failures="0" timestamp="01 Aug 2018 13:47:23 GMT" time="3.177" errors="0">
  <testcase name="getCountriesId" time="3.177" classname="PayF"/>
</testsuite> <!-- PayF -->
