<?xml version="1.0" encoding="UTF-8"?>
<!-- Generated by org.testng.reporters.JUnitReportReporter -->
<testsuite skipped="0" hostname="Abu-Zara" name="PayferPublicAPIs.RegAccntOnPayfer" tests="1" failures="0" timestamp="03 Aug 2018 15:17:11 GMT" time="4.090" errors="0">
  <testcase name="register" time="4.090" classname="PayferPublicAPIs.RegAccntOnPayfer"/>
</testsuite> <!-- PayferPublicAPIs.RegAccntOnPayfer -->
